PocketMine-MP Crash Dump Sat Jan 30 01:15:53 +07 2021

Error: jojoe77777\FormAPI\Form cannot implement pocketmine\form\Form - it is not an interface
File: plugins/FormAPI.phar/src/jojoe77777/FormAPI/Form
Line: 10
Type: E_ERROR

THIS CRASH WAS CAUSED BY A PLUGIN
BAD PLUGIN: FormAPI v1.3.0

Code:

Backtrace:

PocketMine-MP version: 3.15.2 [Protocol 408]
Git commit: 0000000000000000000000000000000000000000
uname -a: Windows NT WIN-9BIEAMQ8B83 6.3 build 9600 (Windows Server 2012 R2 Standard Edition) AMD64
PHP Version: 7.3.23
Zend version: 3.3.23
OS : WINNT, win
Composer libraries: 
- adhocore/json-comment 0.1.0@8448076039389f558f39ad0553aab87db3f81614
- ocramius/package-versions 1.5.1@1d32342b8c1eb27353c8887c366147b4c2da673c
- pocketmine/binaryutils 0.1.12@566fa87829e007eda0bd96e39fe20b9b0d638132
- pocketmine/callback-validator 1.0.2@8321aa3ccfe63639b0d08f0cbf270755cfc99fe2
- pocketmine/classloader 0.1.1@7c0363491d1ce8f914fe96d41a4338c982adedff
- pocketmine/log 0.2.0@e59bedb5d4bbeb9a26647cb7c367cb2fa72addfa
- pocketmine/log-pthreads 0.1.1@9bbcef398b01487ab47c234a6a7054722abbe067
- pocketmine/math 0.2.5@8c46cfa95351fb0b2b30739a381310941934b55f
- pocketmine/nbt 0.2.15@f8a81d37d24eb79fb77d985a52549d68955bc6a1
- pocketmine/raklib 0.12.9@5f2a02009f486ca4d90892814570fa13ebdc078d
- pocketmine/snooze 0.1.3@849510fa62e57512b8467e3694e9b3add97038fd
- pocketmine/spl 0.4.1@ff0579a0be41bbe65d3637607715c0f87728a838
- doctrine/instantiator 1.3.1@f350df0268e904597e3bd9c4685c53e0e333feea
- myclabs/deep-copy 1.10.1@969b211f9a51aa1f6c01d1d2aef56d3bd91598e5
- nikic/php-parser v4.10.2@658f1be311a230e0907f5dfe0213742aff0596de
- phar-io/manifest 2.0.1@85265efd3af7ba3ca4b2a2c34dbfc5788dd29133
- phar-io/version 3.0.2@c6bb6825def89e0a32220f88337f8ceaf1975fa0
- phpdocumentor/reflection-common 2.2.0@1d01c49d4ed62f25aa84a747ad35d5a16924662b
- phpdocumentor/reflection-docblock 5.2.2@069a785b2141f5bcf49f3e353548dc1cce6df556
- phpdocumentor/type-resolver 1.4.0@6a467b8989322d92aa1c8bf2bebcc6e5c2ba55c0
- phpspec/prophecy 1.12.1@8ce87516be71aae9b956f81906aaf0338e0d8a2d
- phpstan/phpstan 0.12.48@d364cfbac9ffd869570cdfea7eaa6541c3dac666
- phpstan/phpstan-phpunit 0.12.16@1dd916d181b0539dea5cd37e91546afb8b107e17
- phpstan/phpstan-strict-rules 0.12.5@334898a32217e4605e0f9cfa3d3fc3101bda26be
- phpunit/php-code-coverage 9.2.0@53a4b737e83be724efd2bc4e7b929b9a30c48972
- phpunit/php-file-iterator 3.0.5@aa4be8575f26070b100fccb67faabb28f21f66f8
- phpunit/php-invoker 3.1.1@5a10147d0aaf65b58940a0b72f71c9ac0423cc67
- phpunit/php-text-template 2.0.3@18c887016e60e52477e54534956d7b47bc52cd84
- phpunit/php-timer 5.0.2@c9ff14f493699e2f6adee9fd06a0245b276643b7
- phpunit/phpunit 9.4.0@ef533467a7974c4b6c354f3eff42a115910bd4e5
- sebastian/cli-parser 1.0.1@442e7c7e687e42adc03470c7b668bc4b2402c0b2
- sebastian/code-unit 1.0.7@59236be62b1bb9919e6d7f60b0b832dc05cef9ab
- sebastian/code-unit-reverse-lookup 2.0.3@ac91f01ccec49fb77bdc6fd1e548bc70f7faa3e5
- sebastian/comparator 4.0.5@7a8ff306445707539c1a6397372a982a1ec55120
- sebastian/complexity 2.0.1@ba8cc2da0c0bfbc813d03b56406734030c7f1eff
- sebastian/diff 4.0.3@ffc949a1a2aae270ea064453d7535b82e4c32092
- sebastian/environment 5.1.3@388b6ced16caa751030f6a69e588299fa09200ac
- sebastian/exporter 4.0.3@d89cc98761b8cb5a1a235a6b703ae50d34080e65
- sebastian/global-state 5.0.1@ea779cb749a478b22a2564ac41cd7bda79c78dc7
- sebastian/lines-of-code 1.0.1@6514b8f21906b8b46f520d1fbd17a4523fa59a54
- sebastian/object-enumerator 4.0.3@f6f5957013d84725427d361507e13513702888a4
- sebastian/object-reflector 2.0.3@d9d0ab3b12acb1768bc1e0a89b23c90d2043cbe5
- sebastian/recursion-context 4.0.3@ed8c9cd355089134bc9cba421b5cfdd58f0eaef7
- sebastian/resource-operations 3.0.3@0f4443cb3a1d92ce809899753bc0d5d5a8dd19a8
- sebastian/type 2.3.0@fa592377f3923946cb90bf1f6a71ba2e5f229909
- sebastian/version 3.0.2@c6c1022351a901512170118436c764e473f6de8c
- symfony/polyfill-ctype v1.18.1@1c302646f6efc070cd46856e600e5e0684d6b454
- theseer/tokenizer 1.2.0@75a63c33a8577608444246075ea0af0d052e452a
- webmozart/assert 1.9.1@bafc69caeb4d49c39fd0779086c03a3738cbb389
- pocketmine/pocketmine-mp 3.15.2@d7a66ad7559f23d24ffe95813421a720203109b1

Loaded plugins:
NoAdvertisingPE 1.0.1 by Vaivez66 for API(s) 3.0.0
InvCrashFix 0.0.1 by  for API(s) 3.14.0
AutoXP 1.0.1 by JackMD for API(s) 3.0.0
NoFallDamage 1.0 by DeveloperNeb101 for API(s) 3.0.0
FormAPI 1.3.0 by jojoe77777 for API(s) 3.2.0
KeepInventory 1.0 by KhoaGamingPro for API(s) 3.0.0
DevTools 1.13.0 by PocketMine Team for API(s) 3.0.0
NameTag 1 by MTwins for API(s) 3.0.0, 4.0.0
MSpawns 2.2 by EvolSoft for API(s) 3.0.0
RandomOre 2.0.0 by edit by KNMiner for API(s) 3.0.0, 4.0.0
EnchantUI 0.4 by UnknownOre for API(s) 3.0.0
Slapper 1.5.0 by jojoe77777 for API(s) 3.9.0
TheoDoi 1.2.0 by HotshotHD & CodeRed2019 for API(s) 3.0.0
ItemDropText 1.0.0 by AlexItz16 for API(s) 1.0.0, 3.0.0, 4.0.0
DEVirion 1.2.5-ALPHA12 by poggit, SOFe for API(s) 3.0.1
Alias 1.2.0 by Ghast Noob for API(s) 3.0.0
ShinPickaxeLevel 6.0.0 by shin for API(s) 3.0.0
PurePerms 1.4.2 by 64FF00 & ProjectInfinity for API(s) 3.0.0
LoadWorlds 1.1 by shin for API(s) 3.0.0
MenuUI 2.0 KSCore by KaysilGMVN for API(s) 3.0.0
ChoDenUI 3.5 by BlackPMFury for API(s) 3.0.0, 3.2.0
DeTuMF 3.0.0 by CLADevs And Shin1134 for API(s) 3.0.0
WorldProtect 2.3.8 by aliuly for API(s) 3.0.0
ShellyEssentials 1.0.2 by Shelly7w7 and BlazeTheDev for API(s) 3.0.0
TableSpoon 0.0.7-ALPHA by CortexPE, Xenophilicy, HyperFlareMC for API(s) 3.13.0
MysteryCrate 9.1.1 by JackMD, DaPigGuy for API(s) 3.9.0
sblevel 0.1 by AmGM-Encode for API(s) 3.0.0, 2.0.0
AntiSpam 1.3 by xBeastMode for API(s) 3.0.0
SETVIP 2.3 by MCPEVN TEAM for API(s) 3.0.0
PointAPI 2.0.9 by onebone for API(s) 3.0.0
MuaDoUI 2 by NoobPvP2k3 And Shin1134 for API(s) 3.0.0
AntiTNT 0.1 by Adam1609 for API(s) 3.0.0
SlapperRotation 1.2.1 by jojoe77777 for API(s) 3.0.0
DOLNapTheUI 1.0.87 by Shin1134 for API(s) 3.0.0
CachMuaLand 1.2 by Noob for API(s) 3.1.1
BuyFix 1.0.0 by HumYaiJang for API(s) 3.0.6
QuyenVipUI 1.2 by NightBlackDM for API(s) 3.1.1
iProtector 3.1.1 by LDX for API(s) 3.0.0
GCPClan 1.1 by InstantlyTa for API(s) 3.0.0, 4.0.0
InvSee 1.0.0 by BlockHorizons for API(s) 3.0.0
PECollide 1 by saxavlax001 for API(s) 3.0.0
SkyBlockUI 2.0 KSCore by KaysilGMVN for API(s) 3.0.0
Eternity 1 by minefore and shin1134 for API(s) 3.9.0
Sell 2 by Muqsit for API(s) 3.0.0
Minerloot 1.0.0 by Distoxicqted for API(s) 3.1.4
AutoFix 1 by Noob for API(s) 2.0.0, 3.0.0
BuyceUIEF 0.4 by UnknownOre for API(s) 3.0.0
Warps 2.0 KSCore by KaysilGMVN for API(s) 3.0.0
KingOfTheHill 3.0.0-ALPHA1 by Tethered, iZeaoGamer for API(s) 3.0.0
PiggyCustomEnchants 1.4.6 by DaPigGuy for API(s) 3.2.0
Banking_vonfram 1 by Noob for API(s) 3.0.0
SizePlayer 1.0.3 by  for API(s) 3.0.0
AutoInv 1.0.0 by Nope for API(s) 3.0.0
EconomyAPI 5.7.2 by onebone for API(s) 3.0.0
Kickk 1.1 by MCPEVN-TEAM for API(s) 3.0.0
DanhHieu 3.0.0 by padreon for API(s) 3.0.0
MuaDanhHieu 3.5 by BlackPMFury for API(s) 3.0.0, 3.2.0
MuaCoinUI 3.5 by BlackPMFury for API(s) 3.0.0, 3.2.0
ChongBug 1.0.0 by shin1134 for API(s) 3.0.0
KitUI 1.3.5 by Infernus101 for API(s) 3.4.0
SimpleWarp 4.0.1 by Falkirks for API(s) 3.0.0, 4.0.0
ScoreHud 2.0.0 by JackMD for API(s) 3.0.0
PlayerVaults 3.2.0 by  for API(s) 3.0.0
NameCorrector 1.0.0#build011 by PEMapModder for API(s) 3.0.0
CustomAlerts 2.1 by EvolSoft for API(s) 3.0.0
NoTP 1.0.7 by awzaw for API(s) 3.0.0
Weapons 1.12.0c by xBeastMode for API(s) 3.0.0
essentialsTP 1.2.2 by  for API(s) 3.0.0
OrionTasks 1.0.0 by Clik for API(s) 3.0.0
Eff 2 by AmGM for API(s) 2.0.0, 3.0.0
ShopUI 0.0.1 by InstantlyTa for API(s) 3.0.0
PureChat 1.4.11 by 64FF00 for API(s) 3.0.0
AuctionHouse 1.0.7 by Shock95x for API(s) 3.0.0
SkyBlock 1 by KhoaGamingPro for API(s) 3.0.0
RankShopSystem 1.0.0 by zZPROGAMERZz423 | §eFor issues report by §2Visiting GitHub.com/zZPROGAMERZz423 for API(s) 3.0.0

----------------------REPORT THE DATA BELOW THIS LINE-----------------------

===BEGIN CRASH DUMP===
eNrFXG1z2ziS/isq39bVXVVkEwBf55Md23nZxI7W1mTmZnmVAgHQ4pgitSRlW96b/34PIEoiaI8t
O0rN1G4staRGN7rR/XQDxL/30rKa8ubbjarqrCz2fmJv9ppsqvZ+Ij4hkesSDxRVVWW199O/95rF
DB/tnX47vbj4crH3Zm+q6ppfadrv5e+lCvR/cfwOTI9GH5cvBoIXRdkMsuksV1NVNINZKa5VM80K
Fcd6/PZ7w0GGb9UD/WVeDLKiUVXKhcIwaZbrMWb5/Cor6oOW//5swquDuhIHm8FXn5m/+GWOUaCM
88eb9tffsuKmzG+MJGAps0qJZm/1KSgtA5BEKfHbf/4vpqTScpiXV6pQFc/1bBRcT9TeyKhzhoGG
ZyP8LOG12kzoHtsn3j7V9HmWS8gSEu/NXlZ/k+pm76eU57XC6FXZlKIEW9cJMUimZXO2/A+8560s
v2SFLG/rwfl48MvH82H09uPp0dk/wrchG/j7bGBEGES+4wz+a/XVS1VB2AF1CB1c0MFlwwvJKzk4
lVkDDf57cHR24rt6hiYzjBDss33K8PZeFdKo177Hx9/KWsvw8fx8DIJ5c4s51TM5nZW1qr7lWVLx
KlO1nj8uJ9C5Uge/12UxxHdamzj7ZN85DF03dALfYRELo9TzwpRFXDqexzhPwkAmLA3hpFqyUlR8
ms3rgxkX13DHYTv7WgCy7+2TQyIZZS5NQkFUQgPmMRGGYSCYDw5B4goquR8wofVYe+dBkhW8Wsyb
LK9bsQg99Hw/5WEQ0kg5TqAkdxIZ+YpFqaJOEiWO9FlIGLVZCZ7nCaQb3vA8k7zR6wmyOfv0MGSU
cM6ESJXPfKY5OGHqiCSlgRN4nkhFpJn3GOa8rvOSS1WtZDsMhAMGbkQkESpMI+KmKvKlS7jLWCii
kOLrMk1tTnl5ZThQTLryokTJxJNukqgk4tT33UAkeqLwh6Y8AAuZ8gcchrNmUiku1xN1GCWJULBZ
mDjEDQOegBFswH0eOJ4bUMoxhOMHNisEo0krjXcYCtcXKY885pE0cRKaMCeAF+j5JU7kkoi5ief1
9CmSpuVAvMM05CGMH0jqqiSI0iQIZBR63KOeG0k/jDwvET4nNouKX8NTl6rQ/ejQSyl3qONEqRv6
grsycsKIhsT1AiflhKlECicIpc2lLsryXrUTwuDQkUfwdZ8qL/AInNH1A8X8yFVRwjCtUeCwMO0z
meWGg4spTVPHCyI4nHIJJs/3JMyNJRIExBNOGgYBhbosBAdZiqbSv0e8xIpusrXLMc2IeY5MHeqH
KnJcL4IYcGLMdugJjylHMcZSpbSZpwt4WlIfSKVmWKOzhWFCHG1hP0ooIWnEPTgwSX3hwPMk5Sr1
fKk5Ei8KlQcuRXadiQOEiOGMV7Vx2RtXc6GHPlY2SRQjhFPmKCdygtSTqXIoYYFLuVYaTqxMiOHV
MCvhJEWWqlqbGU4LSUKP+p5KJeNpkGApcTehnArmyiQVXhCGUtKIMNbh0Q3QWgzhJ4kfUk+qNMTK
5oxSiikNGQvSUCiekijwUu4sIx2md66jVVkdVCrNkUKyNoQZltQsJiIdIuBlrpI+TanHeejywA24
ZJ70OPEj6vo+TZ5iCWqSwxvAFFkEcjp+xIPQw8S7JIXvpm6UMoWA5rmhFEQI5UtES/8BU527h5Wq
dfJbeoILGX0OJ0zCKIygsIwo7ChCRB6sfiF85QmacISgVu16pmDFqpxNlGgdgerpR7SBR/uJCuAI
8ObI8xGcI8fnPHUQepQjQ05lywT+eND+XS0xNzyEL7siRYyM0lSGfoSlJeAGPFCc+55LBJNc+L7/
kMkQf+dF1qyYER9TD+fzJXJt4ngskop7AlFAwSNdn6dJmBDEbhI8wqzGuhHNsJrnql5x9A4ZczFJ
2itIoFzf8ZSTRohNTLJUIBiRRCJYJksvNdIYb9cQAv9gxpcoKTKOgRTmJgHECRmmDJEplTQRrgqS
iGLyOHMERgtoj5lGQcMMqKhdy9pxvUMOXipEREkpIoEDxZxUiMQPUuTJhIYpxcqEOXrMNAy6Vks2
OlzDHxGnA+nAZL6XeGHkOog0AU0DIiIuHJciRflBj02j7hr8A2zHG9WuR3ZIQqTXwCG+8h3lUTcI
lOd6yEyIC8i2QSI8KmTo9pkBeVbG082KhCMgg7kRQmSkaOojeakolfAqh7pYAQGSE0t6ErWOEBnv
RiCC4fyAB1HgCjfxBZYJlkuaIrAQRCeC5O2aCFUr4DaEyQKZNdtEKWLii+tSFYhA+SGMjwyIPOvC
PYPE90MYLqGuQwXyk81H274VR7MJDr2IMvgIljzCdxSRCGs1SH0HqQ0gAFw9ZMyIJ4+zweLVQUsN
87K8ns/Wk40VQ1JHr3wEG53gkIz8VBJMOYRDgtKewPpKApHxlSO5xpECHqYpc3xXZ7UAq0YQDjgC
P6VcQweihIe05Tzgk6u7rFmsg3HCQ6HxlIMZSROBXC0dlni+i2TPXAfOHaREGRSy4SMzEJaSMOQ5
EbkRR0JANAEIUtxIxSSk8pKQKlcw6kT2dKviJqvKosWQnkm5LAxhcyUJkjZHhMLgcCM/Ul4I/BYh
nEfI6lzYjO5mZdWoai2ODCMB8BT4BPgx8bRczON+gnTNFRIplAodZGOLy1VeJjxHNFmuC89MDaJZ
EAFOQTk3CBNgIIp54QLRDetCwk0FUIQILE66hKmHZTpc1iOtS/oecRO9uBFlEc5cP/WoIwGTJAm4
61GWcg+J2bVYlcnvyCtDVSApdI2PKcfvdciFsUKAM8+lAQIy8XSUBPpigUMBmPmj7Np0ZbgtXVJG
iCMJSwjlIiGBXiQEOTUEXmAiciR1XCaSnkuiEJubnAxFCx1X1sIpCfCK+O15gF0EmA/vEu5SkgAc
SwkAARdRadBjV5fzSqhhOdO6tuUAMwyd1HW1BIwT5DxkLwcJEPmdJcKROjcDMJCIhxbDtvilQFDO
oZ5dyoIAAJeyCDA1ieDtiLQ8IAkHwkspHMyJLA4PMYcgDoUzER45BGuLwAAkdJkvAt9VbsBSAJ/Q
uOdimpbF4mBW5gvkgXwoWnFuELxDXeEIBjwHN/BVCiyK3KnRnA7AiMDA2aEr/cQ1/tBMVK0UEAES
QJHdt3FOJ6YAbs0EYxz5BLgSJZgLiIJggBWITI7qC2vPoxoX3qpkWt7zqjlAHaKqZZCLzPJPhR8J
rhJXupFgOmLD6x0AZ6wXFqAQSRKUdDbM3bwcTmfrqvlQBtxH3EcVFKWUAcSnqGg8hBQYH7UIMLku
BBKy98e6wDel5Xl5JDHbTVZnxdXotFOt9z95s7exillZoPB5MykrMPrn3lee3ah7oA6U/nyWaZK2
naPfq4InuUIR3FRz1PBSzVAS18s2QV2mzUmXMOWmu7DiF8c9QXoE3bpAcafbC18ux798ufh8spz0
OjPxZA/6fixujiteT95ldx0Fu9Sucs4D5boqEff1Ok3n/4JUcQxIIfTIaXYXx5+XpekWahzNm/LX
UUeDlvCMZf6OavrsZFd2WXKL4+XYcXzGTePiSeEnTTOrfzo4uMqayTzZRyo8WLI5aDWAcuflO1T+
J3xq8F/HCzvknqK2midI+rkOYecK0I7sSt8eW+19G4m2U1+rt2qWbTTbtM+6SrG+WpuOnaURfb1G
f9qAXErzrCqfUOBi7ZhiadFRyKY/aatPk5K/51O9nqtyV5aymMaxJc72hoK9x2WZ1x3F1iRbJ/LA
VpsG52Cs+HSHLmjGj+OOJK0il+Oji/HPo+eW20aygzUPveig4JhfdddbS7FUtbU8G9/q5NFX7o3B
IK9WErFQVS+JhmeXM35bdO20onRlp6aj3JH+9KbMLyHDrozTDgoHW4++hWlub2/3FSTRXPeba63P
BS9kOf1SdaPfhmbr5PQ9T8msGSSLwadzbeOqr9ybwXfZZi1GHL83Xf1GbWOh00JMeNH83I16G5qd
cl1bn5+L66K8LbTmO7LThmMcr4XYPixc5nw2U1VHkxXFDgrelvE7er0m9XLgV6fezh7QSgcoOJ6o
8qTMOgquKLaCtK/gh7KpJ2Xz4WTwn4NjFF4XClULiXZlNzGVuj1sFD6eysvl661QX6OmJ1U5G5sK
aQP7uuQ+dOrpdoSK/WNzT7qodvW1nUQ9LYwW5AX56fRrVhmBN/lpRepbyhsefR59OCK9EDgrr/S+
GZz6y7v++iKv1WTJNI5vjChxLNXqVUe8JyKjAbh5xrsBffn+Gf97P0HRODgvy2RXLmeGXVrkWG8e
bRUfJlkxysQ1v1OfNWLsBor+R12F/IdOV+P7u1KlP/b2fjaaV2qkqmnXHhuabRO3n2R99907x0FA
ABLTnY+PRZoVuvW1I7W+LQeI47VEnZevCInmt+2e+YYPZkHDkV/KKpfdaegQe4jwxxlyM+b2cV/r
KGY3xX5TzgxiUsXcSsYtoYctBp8uj0sDObqInS/qLH9/9vV8Vxr9wqtZ/ZIUfDwpT1RhKbAmdVVg
+54t+9scxebo7N28WjyCWr+rlloJgNxkXr2kzhjPz95ZVYYh2Jo8CA7Hn48A4OvBUSEHenETwtxd
WaTlDR2wWMsX6GIcE0u90SdENhpZZNvJ2H5o68XzbJ7vLD4sucXxrZZgtpSgr86WldPZPKvSTOWy
23lbna9pKqV34utGVQeWtiYjqDxfnNa10pvKVkH54KM+DOmF0+X3g9tgACA+gDvfK4Az2Gp3acIW
aHvTj/Vgl7PSAiQdYr+xFiwhSc+p9TbCnekx/qqKcjbJ8kzoFsKHBbDeu5xX6uzY0tXU3q9UtjNE
HG9E7b5+HqqcLbTRF8emFupE1C65q3u0T/6kL4dQwEfZ1fv5YlcFwqpF1xXmext1lmLQv4ZUNsxZ
UWyL93Q+mr4/G6L80hs0D0Mx/V6oE8d1ssJYz7dT4euo2addwLki9ZpythJ3bxWW/NljOrxS9rtE
c5yCYxzrMyg1ZJjqimcl0LRb8vyZT16ejr9+7PaHW0Iv9Pa6Ocej06/ng/Hp0dnOWiKGZRxfquZr
NtsKbJZZ0djt0TWp3/mIbPnLQiX4/65kl6U+IacPXCpRFuV0AaZxfLp8vWWD9GzOT0obaLUUSxdb
D13AjG5G9Jr9kNzeSrB9YNeeNz4f9xbH2BxYfGqBSz4lvrOz8r8ddJvk3WnTXJSN2ch82K5Zf9Kv
KslWbZvviU+2AC9Ail8+n/MZEr7lUl1qHz6EQR8/7NaZOmO/AL5zMYEXfub6NOwGwXeoPZM8XB82
BHh9ryLHaHFcgGMcT+c8Xw7+rAZv5wt7B7ElPNNE+jCf/g/P/s6Lq978+6+Vfznu9lP/j/lCFQjF
lgN1iE9PfHY1aUwJdXK2KwMgK8VxyzOOV0I8q0fWwuuy24ftEO3a6QHg+nzy687K8ZNf43gz8qvR
FfgMdbo86GgBRd8fj45z3g1fK8qTDYePyyOs+WLMd709k61YNzyOU8EFhInjd8dHrVTbNCPws5na
vynaLflLpezdeE14Zi291Uc8P5RVdl8+sgX12uXUZRrHS0leshU1Oj0u8zyTXX02tCe20mp+x29y
fufsbr+6wzKOZwAxRoit8+f1wsyGFSk6xL+mVbQRYPuYd4pyxbQcO3tPK9ITFtHYL4VKptKuH8ub
31GYrZgj66Qv2HpCbd61hn77BJA8M4dMdjb1GO2DSZfbims2IPOy7HaCNrRn1vdJVjflXSb+1UBO
O9m4r0YrHZ5x3LygB65Pp9gZf0V5woN6QIVa20WvVGEJVTaDbwNVBNDZ6TsbrbS0v3DrtRXiBb1F
3SbuNhXN+7+wZb296J+y4upLCpj8IbNWsE1/0PBtN+1sZcaqmahKyTeD7DfFy/d8+nCX/7VqXZfN
JI4/4d+tN4eyq6vF8RzratrupVvbRI982t8w8nvr/rEW2Hf05Vf84vgRYba34FteXMNY327KIq2s
TlH/k+0DwneZ6twEAj34C/JHdq9GOV/Ypxc2xH5IZn969vF78oge77MeL443r7cNwoBkvSCsKc/k
kvNytrMQNhp/Qvz9efzl4/nXF2CQTduog0K6vaSNAt5+0K+8dtzaatl9T2frUyaur61Ipt8/WZMs
m4HDH9FfXI3+fAeFF5MPmZp32ycr0jP7bTMuK1XubBu3ZRfH46xpcnV0cvECYDXnjyjSpf6Fu6DH
kKHdBtUvX6TVcZkV/XZpS/urNIIEv4lSbyiclNk4e8nGLmaguHo7v7K3qZekZyJWveM+3arvZ8yy
kmCLRW4f2Vu+7x9T9vqthxTF1bzun7z+jtPyHZZ6rb/suJ65REHjNSvnrYldbdyHR+bf8fw6q653
dMgV7OpmXPGiTk3Ku8zL287bzbbr6HSvcyC2lSGOayP3LeTWubOjw/PToG8N+DDvNlzXpGdOlP6Y
pwZWo7/gHJIBKV/5PLcxZpdsR4n+CbEdqbB6eGNmRr4xIwNe2nI8q44+X41Spep3MW36gzjxH+ZC
Cof0/HR0esZnZ6WUuysGOizj2JKq93arWGhw91GuKst4Ftn2Q/JjT2t3R0ZUtOV43bnt83I8sh5Y
GT98Iqe3H8Nv7/ntzs66aGZ6N6OZvboNvRRIV9uKz0rrUP2K0gN5WGTih++KrznGcSvG+sU23qfW
gdWykEXubwPSHxE6uiMCftvjP6vGF314dszr665ZOsRnQMVxnl3vbPmAVxybsV/xaM2pfnJ5UweZ
B5v/tI2pT4rsuo2GIQElNGfyAigxKe2Ns5bw9CODT+7FPCV+tz58qs0PIeao39bCbHWg93jCm955
XkPqd2f6eWZ53PZlemzO0T4GiMylHbV++kuf+brJyjnQz3BF3/uTo75a2M2rHRz0NWxMk8EM/AFi
KKvT0CE/E9RhCXEdeXfft9Z65t9Y2/COY76UaKIl0h1hS77nfbndSHlkc+epDtYOH9ez2x/tY2ll
oRYdbc8Wo7zU5zXN3+c3rS54ca3XwaU+oza1H5/qfvBMoLz/bXTx5f3R2enFb/cuZYP/G8Rzx+GB
eldWg6yu56oeVEpfeaCftFp+Rr9mEAQTM3ifNR9aJ+sxevmyaZ1780xm92x7h7o6IvX0o1udKdg2
6v3RfeR8fzHVNyuZB/T1DWj7+l4b/fi1ufZFP53OK8x3o1YpU901qmivFfv3nmnMd65DS0R7ddWa
Iniu9FVqFq2cfpNlU6jGorbP8m8I8yrvvpfLSyTW79MsX15QsaZcTa3L2Sa8tmTJ4J43XYK+cs34
S2D8ZZroa2+Kq+5X6vYmuC5tJmytL9Y3FVm/NJNc2ySZzaddyuXoc/ftdFH/Kzc3yrWvBubKDDqU
6mYw1NfTeY7rBHj5t4/yp0EgBP4X+coPvNSXAVWeSJ2U+kHqhor4gdD3i8Hd/6YvPOhcdLAecMGN
/en+8jHe+2y2hICe2Tm6X97/tf423t5NbZuUWh3qOIwQqk/vjU6+WFMly29GlT4RpMw2J/yuqGvr
i8uC+Ncza456EuCtvnLNVgvE2yrreUfncjZdSBJ99SAEntjOuVkb38RkXlx3L77TU5RdLS/Ea4+h
6GmSdQsw9QSYg7IyWV2+pv24Wsya0hCYIVzJBzbPLDcxc8O6pPW1IFfzpTOuxPkNq2vwZSS4mHRm
848//h88gMuS
===END CRASH DUMP===
